#
# A fatal error has been detected by the Java Runtime Environment:
#
#  EXCEPTION_ACCESS_VIOLATION (0xc0000005) at pc=0x00007ffba1d51973, pid=9916, tid=8408
#
# JRE version: OpenJDK Runtime Environment AdoptOpenJDK (11.0.10+9) (build 11.0.10+9)
# Java VM: OpenJDK 64-Bit Server VM AdoptOpenJDK (11.0.10+9, mixed mode, tiered, compressed oops, g1 gc, windows-amd64)
# Problematic frame:
# C  [ig9icd64.dll+0x9c1973]
#
# No core dump will be written. Minidumps are not enabled by default on client versions of Windows
#
# If you would like to submit a bug report, please visit:
#   https://github.com/AdoptOpenJDK/openjdk-support/issues
# The crash happened outside the Java Virtual Machine in native code.
# See problematic frame for where to report the bug.
#

---------------  S U M M A R Y ------------

Command Line: -ea -agentlib:jdwp=transport=dt_shmem,address=javadebug -Dfile.encoding=UTF-8 bluej.runtime.ExecServer UTF-8

Host: Intel(R) Core(TM) i5-7200U CPU @ 2.50GHz, 4 cores, 7G,  Windows 10 , 64 bit Build 19041 (10.0.19041.1348)
Time: Sat Nov 13 15:31:40 2021 Mitteleuropäische Zeit elapsed time: 34.631399 seconds (0d 0h 0m 34s)

---------------  T H R E A D  ---------------

Current thread (0x000001f6b445d800):  JavaThread "Java2D Queue Flusher" daemon [_thread_in_native, id=8408, stack(0x0000006131a00000,0x0000006131b00000)]

Stack: [0x0000006131a00000,0x0000006131b00000],  sp=0x0000006131afe8c8,  free space=1018k
Native frames: (J=compiled Java code, j=interpreted, Vv=VM code, C=native code)
C  [ig9icd64.dll+0x9c1973]

Java frames: (J=compiled Java code, j=interpreted, Vv=VM code)
J 1439  sun.java2d.opengl.OGLRenderQueue.flushBuffer(JI)V java.desktop@11.0.10 (0 bytes) @ 0x000001f6a479177b [0x000001f6a4791740+0x000000000000003b]
J 1494 c1 sun.java2d.opengl.OGLRenderQueue.flushBuffer()V java.desktop@11.0.10 (41 bytes) @ 0x000001f69d439eac [0x000001f69d439d80+0x000000000000012c]
j  sun.java2d.opengl.OGLRenderQueue$QueueFlusher.run()V+81 java.desktop@11.0.10
j  java.lang.Thread.run()V+11 java.base@11.0.10
v  ~StubRoutines::call_stub

siginfo: EXCEPTION_ACCESS_VIOLATION (0xc0000005), reading address 0x00007ffee1f65e20


Register to memory mapping:

RIP=0x00007ffba1d51973 ig9icd64.dll
RAX=0x000000000fff0fff is an unknown value
RBX=0x00007ffba1390000 ig9icd64.dll
RCX=0x000000033fcf3fcc is an unknown value
RDX=0x0000006131afede0 is pointing into the stack for thread: 0x000001f6b445d800
RSP=0x0000006131afe8c8 is pointing into the stack for thread: 0x000001f6b445d800
RBP=0x0000006131afe9d0 is pointing into the stack for thread: 0x000001f6b445d800
RSI=0x000001f6b9b28c80 points into unknown readable memory: 0x000001f6b454af40 | 40 af 54 b4 f6 01 00 00
RDI=0x0000006131afebd0 is pointing into the stack for thread: 0x000001f6b445d800
R8 =0x0000006131afea00 is pointing into the stack for thread: 0x000001f6b445d800
R9 =0x0000006131afede0 is pointing into the stack for thread: 0x000001f6b445d800
R10=0x0000006131afebd0 is pointing into the stack for thread: 0x000001f6b445d800
R11=0x0 is NULL
R12=0x00007ffba21b62f0 ig9icd64.dll
R13=0x0 is NULL
R14=0x0 is NULL
R15=0x00000000000001c1 is an unknown value


Registers:
RAX=0x000000000fff0fff, RBX=0x00007ffba1390000, RCX=0x000000033fcf3fcc, RDX=0x0000006131afede0
RSP=0x0000006131afe8c8, RBP=0x0000006131afe9d0, RSI=0x000001f6b9b28c80, RDI=0x0000006131afebd0
R8 =0x0000006131afea00, R9 =0x0000006131afede0, R10=0x0000006131afebd0, R11=0x0000000000000000
R12=0x00007ffba21b62f0, R13=0x0000000000000000, R14=0x0000000000000000, R15=0x00000000000001c1
RIP=0x00007ffba1d51973, EFLAGS=0x0000000000010206

Top of Stack: (sp=0x0000006131afe8c8)
0x0000006131afe8c8:   00007ffba1d4f0ab 0000000000000001
0x0000006131afe8d8:   0000000000000000 000001f6ba6b4100
0x0000006131afe8e8:   00007ffbece82572 0000006100000065
0x0000006131afe8f8:   0000006131afeb00 0000000000000000
0x0000006131afe908:   000001f6bc8b4420 0000000000000000
0x0000006131afe918:   000001f6b9db1010 000001f6ba6b41b0
0x0000006131afe928:   0000000000000fb0 0000000000000000
0x0000006131afe938:   0000000000000000 0000006131afeab0
0x0000006131afe948:   00007ffba19e6bb0 0000000000000000
0x0000006131afe958:   0000000000000000 0000000000000000
0x0000006131afe968:   0000000000000000 0000daec7647920b
0x0000006131afe978:   00007ffba13a6145 0000000000000000
0x0000006131afe988:   0000000000004001 0000000000000200
0x0000006131afe998:   00007ffbfac3b86b 0000000000110008
0x0000006131afe9a8:   0000000000000065 000001f6ba36bcd0
0x0000006131afe9b8:   0000000000000000 0000000000000000 

Instructions: (pc=0x00007ffba1d51973)
0x00007ffba1d51873:   49 a9 30 00 48 89 51 08 48 89 01 8b 44 24 28 89
0x00007ffba1d51883:   41 20 8b 44 24 30 89 41 24 48 8b c1 4c 89 41 10
0x00007ffba1d51893:   4c 89 49 18 c3 cc cc cc cc cc cc cc cc 48 89 5c
0x00007ffba1d518a3:   24 08 8b 41 5c 48 8d 1d 51 e7 63 ff 41 89 40 08
0x00007ffba1d518b3:   4c 8b d1 8b 41 60 45 33 db 41 89 40 0c 4c 8b ca
0x00007ffba1d518c3:   8b 41 64 41 89 40 10 8b 41 68 41 89 40 14 8b 41
0x00007ffba1d518d3:   6c 41 89 40 18 8b 41 70 41 89 40 1c 48 63 41 74
0x00007ffba1d518e3:   48 6b c8 34 8b 84 19 54 1e ee 00 41 89 40 20 8b
0x00007ffba1d518f3:   84 19 58 1e ee 00 41 89 40 24 8b 84 19 5c 1e ee
0x00007ffba1d51903:   00 41 89 40 28 8b 84 19 60 1e ee 00 41 89 40 2c
0x00007ffba1d51913:   8b 84 19 44 1e ee 00 41 89 40 30 8b 84 19 48 1e
0x00007ffba1d51923:   ee 00 41 89 40 34 8b 84 19 4c 1e ee 00 41 89 40
0x00007ffba1d51933:   38 8b 84 19 50 1e ee 00 41 89 40 3c 8b 84 19 34
0x00007ffba1d51943:   1e ee 00 41 89 40 40 8b 84 19 38 1e ee 00 41 89
0x00007ffba1d51953:   40 44 8b 84 19 3c 1e ee 00 41 89 40 48 8b 84 19
0x00007ffba1d51963:   40 1e ee 00 41 89 40 4c 49 63 42 78 48 6b c8 34
0x00007ffba1d51973:   8b 84 19 54 1e ee 00 41 89 40 50 8b 84 19 58 1e
0x00007ffba1d51983:   ee 00 41 89 40 54 8b 84 19 5c 1e ee 00 41 89 40
0x00007ffba1d51993:   58 8b 84 19 60 1e ee 00 41 89 40 5c 8b 84 19 44
0x00007ffba1d519a3:   1e ee 00 41 89 40 60 8b 84 19 48 1e ee 00 41 89
0x00007ffba1d519b3:   40 64 8b 84 19 4c 1e ee 00 41 89 40 68 8b 84 19
0x00007ffba1d519c3:   50 1e ee 00 41 89 40 6c 8b 84 19 34 1e ee 00 41
0x00007ffba1d519d3:   89 40 70 8b 84 19 38 1e ee 00 41 89 40 74 8b 84
0x00007ffba1d519e3:   19 3c 1e ee 00 41 89 40 78 8b 84 19 40 1e ee 00
0x00007ffba1d519f3:   41 89 40 7c 48 8b 42 18 8b 88 38 0b 00 00 f6 c1
0x00007ffba1d51a03:   08 0f 84 86 00 00 00 8b 80 3c 0b 00 00 41 89 80
0x00007ffba1d51a13:   80 00 00 00 48 8b 42 18 8b 88 40 0b 00 00 41 89
0x00007ffba1d51a23:   88 84 00 00 00 48 8b 42 18 8b 88 44 0b 00 00 41
0x00007ffba1d51a33:   89 88 88 00 00 00 48 8b 42 18 8b 88 48 0b 00 00
0x00007ffba1d51a43:   41 89 88 8c 00 00 00 48 8b 42 18 8b 88 4c 0b 00
0x00007ffba1d51a53:   00 41 89 88 90 00 00 00 48 8b 42 18 8b 88 50 0b
0x00007ffba1d51a63:   00 00 41 89 88 94 00 00 00 48 8b 42 18 8b 88 54 


Stack slot to memory mapping:
stack at sp + 0 slots: 0x00007ffba1d4f0ab ig9icd64.dll
stack at sp + 1 slots: 0x0000000000000001 is an unknown value
stack at sp + 2 slots: 0x0 is NULL
stack at sp + 3 slots: 0x000001f6ba6b4100 points into unknown readable memory: 0x0000000000000000 | 00 00 00 00 00 00 00 00
stack at sp + 4 slots: 0x00007ffbece82572 igdgmm64.dll
stack at sp + 5 slots: 0x0000006100000065 is an unknown value
stack at sp + 6 slots: 0x0000006131afeb00 is pointing into the stack for thread: 0x000001f6b445d800
stack at sp + 7 slots: 0x0 is NULL


---------------  P R O C E S S  ---------------

Threads class SMR info:
_java_thread_list=0x000001f6bcb270d0, length=22, elements={
0x000001f6b33ea800, 0x000001f6b33e3000, 0x000001f6b33f2800, 0x000001f6b33f4000,
0x000001f6b33f7000, 0x000001f6b3403800, 0x000001f6b341d000, 0x000001f6b3f18000,
0x000001f6b3f45000, 0x000001f6b4369000, 0x000001f6b4452000, 0x000001f692d38800,
0x000001f6b445d800, 0x000001f6b9cf5800, 0x000001f6b9cf6800, 0x000001f6ba4cf000,
0x000001f6ba4e1000, 0x000001f6ba4e6000, 0x000001f6ba4e3800, 0x000001f6ba4e5000,
0x000001f6bc3cd000, 0x000001f6ba4e2800
}

Java Threads: ( => current thread )
  0x000001f6b33ea800 JavaThread "Reference Handler" daemon [_thread_blocked, id=2936, stack(0x0000006130900000,0x0000006130a00000)]
  0x000001f6b33e3000 JavaThread "Finalizer" daemon [_thread_blocked, id=11604, stack(0x0000006130a00000,0x0000006130b00000)]
  0x000001f6b33f2800 JavaThread "Attach Listener" daemon [_thread_blocked, id=4792, stack(0x0000006130c00000,0x0000006130d00000)]
  0x000001f6b33f4000 JavaThread "Service Thread" daemon [_thread_blocked, id=952, stack(0x0000006130d00000,0x0000006130e00000)]
  0x000001f6b33f7000 JavaThread "C2 CompilerThread0" daemon [_thread_blocked, id=6620, stack(0x0000006130e00000,0x0000006130f00000)]
  0x000001f6b3403800 JavaThread "C1 CompilerThread0" daemon [_thread_blocked, id=11848, stack(0x0000006130f00000,0x0000006131000000)]
  0x000001f6b341d000 JavaThread "Sweeper thread" daemon [_thread_blocked, id=7848, stack(0x0000006131000000,0x0000006131100000)]
  0x000001f6b3f18000 JavaThread "JDWP Event Helper Thread" daemon [_thread_blocked, id=9488, stack(0x0000006131200000,0x0000006131300000)]
  0x000001f6b3f45000 JavaThread "Common-Cleaner" daemon [_thread_blocked, id=10936, stack(0x0000006131500000,0x0000006131600000)]
  0x000001f6b4369000 JavaThread "Java2D Disposer" daemon [_thread_blocked, id=6824, stack(0x0000006131700000,0x0000006131800000)]
  0x000001f6b4452000 JavaThread "BlueJ worker thread" [_thread_blocked, id=11156, stack(0x0000006131b00000,0x0000006131c00000)]
  0x000001f692d38800 JavaThread "DestroyJavaVM" [_thread_blocked, id=6516, stack(0x0000006130200000,0x0000006130300000)]
=>0x000001f6b445d800 JavaThread "Java2D Queue Flusher" daemon [_thread_in_native, id=8408, stack(0x0000006131a00000,0x0000006131b00000)]
  0x000001f6b9cf5800 JavaThread "AWT-Shutdown" [_thread_blocked, id=10688, stack(0x0000006131f00000,0x0000006132000000)]
  0x000001f6b9cf6800 JavaThread "AWT-EventQueue-0" [_thread_blocked, id=6680, stack(0x0000006132000000,0x0000006132100000)]
  0x000001f6ba4cf000 JavaThread "ea.main" [_thread_blocked, id=10944, stack(0x0000006132500000,0x0000006132600000)]
  0x000001f6ba4e1000 JavaThread "ea.rendering" [_thread_blocked, id=6236, stack(0x0000006131600000,0x0000006131700000)]
  0x000001f6ba4e6000 JavaThread "pool-1-thread-1" [_thread_blocked, id=4604, stack(0x0000006132600000,0x0000006132700000)]
  0x000001f6ba4e3800 JavaThread "QuantumRenderer-0" daemon [_thread_blocked, id=5756, stack(0x0000006132800000,0x0000006132900000)]
  0x000001f6ba4e5000 JavaThread "main" [_thread_blocked, id=10980, stack(0x0000006132400000,0x0000006132500000)]
  0x000001f6bc3cd000 JavaThread "C2 CompilerThread1" daemon [_thread_blocked, id=3672, stack(0x0000006131800000,0x0000006131900000)]
  0x000001f6ba4e2800 JavaThread "ToolkitShutdown" daemon [_thread_blocked, id=10424, stack(0x0000006131300000,0x0000006131400000)]

Other Threads:
  0x000001f6b33b4800 VMThread "VM Thread" [stack: 0x0000006130800000,0x0000006130900000] [id=4928] _threads_hazard_ptr=0x000001f6bcb270d0
  0x000001f692d51800 GCTaskThread "GC Thread#0" [stack: 0x0000006130300000,0x0000006130400000] [id=7096]
  0x000001f6b9f41800 GCTaskThread "GC Thread#1" [stack: 0x0000006132100000,0x0000006132200000] [id=7352]
  0x000001f6ba02c800 GCTaskThread "GC Thread#2" [stack: 0x0000006132200000,0x0000006132300000] [id=3480]
  0x000001f6ba02d000 GCTaskThread "GC Thread#3" [stack: 0x0000006132300000,0x0000006132400000] [id=9748]
  0x000001f692d85000 ConcurrentGCThread "G1 Main Marker" [stack: 0x0000006130400000,0x0000006130500000] [id=9544]
  0x000001f692d87000 ConcurrentGCThread "G1 Conc#0" [stack: 0x0000006130500000,0x0000006130600000] [id=8924]
  0x000001f692e18800 ConcurrentGCThread "G1 Refine#0" [stack: 0x0000006130600000,0x0000006130700000] [id=5784]
  0x000001f692e1b000 ConcurrentGCThread "G1 Young RemSet Sampling" [stack: 0x0000006130700000,0x0000006130800000] [id=6528]

Threads with active compile tasks:

VM state:at safepoint (normal execution)

VM Mutex/Monitor currently owned by a thread:  ([mutex/lock_event])
[0x000001f692d36980] Threads_lock - owner thread: 0x000001f6b33b4800

Heap address: 0x0000000081400000, size: 2028 MB, Compressed Oops mode: 32-bit
Narrow klass base: 0x0000000000000000, Narrow klass shift: 3
Compressed class space size: 1073741824 Address: 0x0000000100000000

Heap:
 garbage-first heap   total 131072K, used 12409K [0x0000000081400000, 0x0000000100000000)
  region size 1024K, 10 young (10240K), 2 survivors (2048K)
 Metaspace       used 17278K, capacity 17813K, committed 17920K, reserved 1064960K
  class space    used 1740K, capacity 1943K, committed 2048K, reserved 1048576K
Heap Regions: E=young(eden), S=young(survivor), O=old, HS=humongous(starts), HC=humongous(continues), CS=collection set, F=free, A=archive, TAMS=top-at-mark-start (previous, next)
|   0|0x0000000081400000, 0x0000000081500000, 0x0000000081500000|100%| O|  |TAMS 0x0000000081400000, 0x0000000081400000| Untracked 
|   1|0x0000000081500000, 0x0000000081600000, 0x0000000081600000|100%| O|  |TAMS 0x0000000081500000, 0x0000000081500000| Untracked 
|   2|0x0000000081600000, 0x0000000081700000, 0x0000000081700000|100%| O|  |TAMS 0x0000000081600000, 0x0000000081600000| Untracked 
|   3|0x0000000081700000, 0x0000000081800000, 0x0000000081800000|100%| O|  |TAMS 0x0000000081700000, 0x0000000081700000| Untracked 
|   4|0x0000000081800000, 0x000000008180ae00, 0x0000000081900000|  4%| O|  |TAMS 0x0000000081800000, 0x0000000081800000| Untracked 
|   5|0x0000000081900000, 0x0000000081900000, 0x0000000081a00000|  0%| F|  |TAMS 0x0000000081900000, 0x0000000081900000| Untracked 
|   6|0x0000000081a00000, 0x0000000081a00000, 0x0000000081b00000|  0%| F|  |TAMS 0x0000000081a00000, 0x0000000081a00000| Untracked 
|   7|0x0000000081b00000, 0x0000000081b00000, 0x0000000081c00000|  0%| F|  |TAMS 0x0000000081b00000, 0x0000000081b00000| Untracked 
|   8|0x0000000081c00000, 0x0000000081c00000, 0x0000000081d00000|  0%| F|  |TAMS 0x0000000081c00000, 0x0000000081c00000| Untracked 
|   9|0x0000000081d00000, 0x0000000081d00000, 0x0000000081e00000|  0%| F|  |TAMS 0x0000000081d00000, 0x0000000081d00000| Untracked 
|  10|0x0000000081e00000, 0x0000000081e00000, 0x0000000081f00000|  0%| F|  |TAMS 0x0000000081e00000, 0x0000000081e00000| Untracked 
|  11|0x0000000081f00000, 0x0000000081f00000, 0x0000000082000000|  0%| F|  |TAMS 0x0000000081f00000, 0x0000000081f00000| Untracked 
|  12|0x0000000082000000, 0x0000000082000000, 0x0000000082100000|  0%| F|  |TAMS 0x0000000082000000, 0x0000000082000000| Untracked 
|  13|0x0000000082100000, 0x0000000082100000, 0x0000000082200000|  0%| F|  |TAMS 0x0000000082100000, 0x0000000082100000| Untracked 
|  14|0x0000000082200000, 0x0000000082200000, 0x0000000082300000|  0%| F|  |TAMS 0x0000000082200000, 0x0000000082200000| Untracked 
|  15|0x0000000082300000, 0x0000000082300000, 0x0000000082400000|  0%| F|  |TAMS 0x0000000082300000, 0x0000000082300000| Untracked 
|  16|0x0000000082400000, 0x0000000082400000, 0x0000000082500000|  0%| F|  |TAMS 0x0000000082400000, 0x0000000082400000| Untracked 
|  17|0x0000000082500000, 0x0000000082500000, 0x0000000082600000|  0%| F|  |TAMS 0x0000000082500000, 0x0000000082500000| Untracked 
|  18|0x0000000082600000, 0x0000000082600000, 0x0000000082700000|  0%| F|  |TAMS 0x0000000082600000, 0x0000000082600000| Untracked 
|  19|0x0000000082700000, 0x0000000082700000, 0x0000000082800000|  0%| F|  |TAMS 0x0000000082700000, 0x0000000082700000| Untracked 
|  20|0x0000000082800000, 0x0000000082800000, 0x0000000082900000|  0%| F|  |TAMS 0x0000000082800000, 0x0000000082800000| Untracked 
|  21|0x0000000082900000, 0x0000000082900000, 0x0000000082a00000|  0%| F|  |TAMS 0x0000000082900000, 0x0000000082900000| Untracked 
|  22|0x0000000082a00000, 0x0000000082a00000, 0x0000000082b00000|  0%| F|  |TAMS 0x0000000082a00000, 0x0000000082a00000| Untracked 
|  23|0x0000000082b00000, 0x0000000082b00000, 0x0000000082c00000|  0%| F|  |TAMS 0x0000000082b00000, 0x0000000082b00000| Untracked 
|  24|0x0000000082c00000, 0x0000000082c00000, 0x0000000082d00000|  0%| F|  |TAMS 0x0000000082c00000, 0x0000000082c00000| Untracked 
|  25|0x0000000082d00000, 0x0000000082d00000, 0x0000000082e00000|  0%| F|  |TAMS 0x0000000082d00000, 0x0000000082d00000| Untracked 
|  26|0x0000000082e00000, 0x0000000082e00000, 0x0000000082f00000|  0%| F|  |TAMS 0x0000000082e00000, 0x0000000082e00000| Untracked 
|  27|0x0000000082f00000, 0x0000000082f00000, 0x0000000083000000|  0%| F|  |TAMS 0x0000000082f00000, 0x0000000082f00000| Untracked 
|  28|0x0000000083000000, 0x0000000083000000, 0x0000000083100000|  0%| F|  |TAMS 0x0000000083000000, 0x0000000083000000| Untracked 
|  29|0x0000000083100000, 0x0000000083100000, 0x0000000083200000|  0%| F|  |TAMS 0x0000000083100000, 0x0000000083100000| Untracked 
|  30|0x0000000083200000, 0x0000000083200000, 0x0000000083300000|  0%| F|  |TAMS 0x0000000083200000, 0x0000000083200000| Untracked 
|  31|0x0000000083300000, 0x0000000083300000, 0x0000000083400000|  0%| F|  |TAMS 0x0000000083300000, 0x0000000083300000| Untracked 
|  32|0x0000000083400000, 0x0000000083400000, 0x0000000083500000|  0%| F|  |TAMS 0x0000000083400000, 0x0000000083400000| Untracked 
|  33|0x0000000083500000, 0x0000000083500000, 0x0000000083600000|  0%| F|  |TAMS 0x0000000083500000, 0x0000000083500000| Untracked 
|  34|0x0000000083600000, 0x0000000083600000, 0x0000000083700000|  0%| F|  |TAMS 0x0000000083600000, 0x0000000083600000| Untracked 
|  35|0x0000000083700000, 0x0000000083700000, 0x0000000083800000|  0%| F|  |TAMS 0x0000000083700000, 0x0000000083700000| Untracked 
|  36|0x0000000083800000, 0x0000000083800000, 0x0000000083900000|  0%| F|  |TAMS 0x0000000083800000, 0x0000000083800000| Untracked 
|  37|0x0000000083900000, 0x0000000083900000, 0x0000000083a00000|  0%| F|  |TAMS 0x0000000083900000, 0x0000000083900000| Untracked 
|  38|0x0000000083a00000, 0x0000000083a00000, 0x0000000083b00000|  0%| F|  |TAMS 0x0000000083a00000, 0x0000000083a00000| Untracked 
|  39|0x0000000083b00000, 0x0000000083b00000, 0x0000000083c00000|  0%| F|  |TAMS 0x0000000083b00000, 0x0000000083b00000| Untracked 
|  40|0x0000000083c00000, 0x0000000083c00000, 0x0000000083d00000|  0%| F|  |TAMS 0x0000000083c00000, 0x0000000083c00000| Untracked 
|  41|0x0000000083d00000, 0x0000000083d00000, 0x0000000083e00000|  0%| F|  |TAMS 0x0000000083d00000, 0x0000000083d00000| Untracked 
|  42|0x0000000083e00000, 0x0000000083e00000, 0x0000000083f00000|  0%| F|  |TAMS 0x0000000083e00000, 0x0000000083e00000| Untracked 
|  43|0x0000000083f00000, 0x0000000083f00000, 0x0000000084000000|  0%| F|  |TAMS 0x0000000083f00000, 0x0000000083f00000| Untracked 
|  44|0x0000000084000000, 0x0000000084000000, 0x0000000084100000|  0%| F|  |TAMS 0x0000000084000000, 0x0000000084000000| Untracked 
|  45|0x0000000084100000, 0x0000000084100000, 0x0000000084200000|  0%| F|  |TAMS 0x0000000084100000, 0x0000000084100000| Untracked 
|  46|0x0000000084200000, 0x0000000084200000, 0x0000000084300000|  0%| F|  |TAMS 0x0000000084200000, 0x0000000084200000| Untracked 
|  47|0x0000000084300000, 0x0000000084300000, 0x0000000084400000|  0%| F|  |TAMS 0x0000000084300000, 0x0000000084300000| Untracked 
|  48|0x0000000084400000, 0x0000000084400000, 0x0000000084500000|  0%| F|  |TAMS 0x0000000084400000, 0x0000000084400000| Untracked 
|  49|0x0000000084500000, 0x0000000084500000, 0x0000000084600000|  0%| F|  |TAMS 0x0000000084500000, 0x0000000084500000| Untracked 
|  50|0x0000000084600000, 0x0000000084600000, 0x0000000084700000|  0%| F|  |TAMS 0x0000000084600000, 0x0000000084600000| Untracked 
|  51|0x0000000084700000, 0x0000000084700000, 0x0000000084800000|  0%| F|  |TAMS 0x0000000084700000, 0x0000000084700000| Untracked 
|  52|0x0000000084800000, 0x0000000084800000, 0x0000000084900000|  0%| F|  |TAMS 0x0000000084800000, 0x0000000084800000| Untracked 
|  53|0x0000000084900000, 0x0000000084900000, 0x0000000084a00000|  0%| F|  |TAMS 0x0000000084900000, 0x0000000084900000| Untracked 
|  54|0x0000000084a00000, 0x0000000084a00000, 0x0000000084b00000|  0%| F|  |TAMS 0x0000000084a00000, 0x0000000084a00000| Untracked 
|  55|0x0000000084b00000, 0x0000000084b00000, 0x0000000084c00000|  0%| F|  |TAMS 0x0000000084b00000, 0x0000000084b00000| Untracked 
|  56|0x0000000084c00000, 0x0000000084c00000, 0x0000000084d00000|  0%| F|  |TAMS 0x0000000084c00000, 0x0000000084c00000| Untracked 
|  57|0x0000000084d00000, 0x0000000084d00000, 0x0000000084e00000|  0%| F|  |TAMS 0x0000000084d00000, 0x0000000084d00000| Untracked 
|  58|0x0000000084e00000, 0x0000000084e00000, 0x0000000084f00000|  0%| F|  |TAMS 0x0000000084e00000, 0x0000000084e00000| Untracked 
|  59|0x0000000084f00000, 0x0000000084f00000, 0x0000000085000000|  0%| F|  |TAMS 0x0000000084f00000, 0x0000000084f00000| Untracked 
|  60|0x0000000085000000, 0x0000000085000000, 0x0000000085100000|  0%| F|  |TAMS 0x0000000085000000, 0x0000000085000000| Untracked 
|  61|0x0000000085100000, 0x0000000085100000, 0x0000000085200000|  0%| F|  |TAMS 0x0000000085100000, 0x0000000085100000| Untracked 
|  62|0x0000000085200000, 0x0000000085200000, 0x0000000085300000|  0%| F|  |TAMS 0x0000000085200000, 0x0000000085200000| Untracked 
|  63|0x0000000085300000, 0x0000000085300000, 0x0000000085400000|  0%| F|  |TAMS 0x0000000085300000, 0x0000000085300000| Untracked 
|  64|0x0000000085400000, 0x0000000085400000, 0x0000000085500000|  0%| F|  |TAMS 0x0000000085400000, 0x0000000085400000| Untracked 
|  65|0x0000000085500000, 0x0000000085500000, 0x0000000085600000|  0%| F|  |TAMS 0x0000000085500000, 0x0000000085500000| Untracked 
|  66|0x0000000085600000, 0x0000000085600000, 0x0000000085700000|  0%| F|  |TAMS 0x0000000085600000, 0x0000000085600000| Untracked 
|  67|0x0000000085700000, 0x0000000085700000, 0x0000000085800000|  0%| F|  |TAMS 0x0000000085700000, 0x0000000085700000| Untracked 
|  68|0x0000000085800000, 0x0000000085800000, 0x0000000085900000|  0%| F|  |TAMS 0x0000000085800000, 0x0000000085800000| Untracked 
|  69|0x0000000085900000, 0x0000000085900000, 0x0000000085a00000|  0%| F|  |TAMS 0x0000000085900000, 0x0000000085900000| Untracked 
|  70|0x0000000085a00000, 0x0000000085a00000, 0x0000000085b00000|  0%| F|  |TAMS 0x0000000085a00000, 0x0000000085a00000| Untracked 
|  71|0x0000000085b00000, 0x0000000085b00000, 0x0000000085c00000|  0%| F|  |TAMS 0x0000000085b00000, 0x0000000085b00000| Untracked 
|  72|0x0000000085c00000, 0x0000000085c00000, 0x0000000085d00000|  0%| F|  |TAMS 0x0000000085c00000, 0x0000000085c00000| Untracked 
|  73|0x0000000085d00000, 0x0000000085d00000, 0x0000000085e00000|  0%| F|  |TAMS 0x0000000085d00000, 0x0000000085d00000| Untracked 
|  74|0x0000000085e00000, 0x0000000085e00000, 0x0000000085f00000|  0%| F|  |TAMS 0x0000000085e00000, 0x0000000085e00000| Untracked 
|  75|0x0000000085f00000, 0x0000000085f00000, 0x0000000086000000|  0%| F|  |TAMS 0x0000000085f00000, 0x0000000085f00000| Untracked 
|  76|0x0000000086000000, 0x0000000086000000, 0x0000000086100000|  0%| F|  |TAMS 0x0000000086000000, 0x0000000086000000| Untracked 
|  77|0x0000000086100000, 0x0000000086100000, 0x0000000086200000|  0%| F|  |TAMS 0x0000000086100000, 0x0000000086100000| Untracked 
|  78|0x0000000086200000, 0x0000000086200000, 0x0000000086300000|  0%| F|  |TAMS 0x0000000086200000, 0x0000000086200000| Untracked 
|  79|0x0000000086300000, 0x0000000086300000, 0x0000000086400000|  0%| F|  |TAMS 0x0000000086300000, 0x0000000086300000| Untracked 
|  80|0x0000000086400000, 0x0000000086400000, 0x0000000086500000|  0%| F|  |TAMS 0x0000000086400000, 0x0000000086400000| Untracked 
|  81|0x0000000086500000, 0x0000000086500000, 0x0000000086600000|  0%| F|  |TAMS 0x0000000086500000, 0x0000000086500000| Untracked 
|  82|0x0000000086600000, 0x0000000086600000, 0x0000000086700000|  0%| F|  |TAMS 0x0000000086600000, 0x0000000086600000| Untracked 
|  83|0x0000000086700000, 0x0000000086700000, 0x0000000086800000|  0%| F|  |TAMS 0x0000000086700000, 0x0000000086700000| Untracked 
|  84|0x0000000086800000, 0x0000000086800000, 0x0000000086900000|  0%| F|  |TAMS 0x0000000086800000, 0x0000000086800000| Untracked 
|  85|0x0000000086900000, 0x0000000086900000, 0x0000000086a00000|  0%| F|  |TAMS 0x0000000086900000, 0x0000000086900000| Untracked 
|  86|0x0000000086a00000, 0x0000000086a00000, 0x0000000086b00000|  0%| F|  |TAMS 0x0000000086a00000, 0x0000000086a00000| Untracked 
|  87|0x0000000086b00000, 0x0000000086b00000, 0x0000000086c00000|  0%| F|  |TAMS 0x0000000086b00000, 0x0000000086b00000| Untracked 
|  88|0x0000000086c00000, 0x0000000086c00000, 0x0000000086d00000|  0%| F|  |TAMS 0x0000000086c00000, 0x0000000086c00000| Untracked 
|  89|0x0000000086d00000, 0x0000000086d00000, 0x0000000086e00000|  0%| F|  |TAMS 0x0000000086d00000, 0x0000000086d00000| Untracked 
|  90|0x0000000086e00000, 0x0000000086e00000, 0x0000000086f00000|  0%| F|  |TAMS 0x0000000086e00000, 0x0000000086e00000| Untracked 
|  91|0x0000000086f00000, 0x0000000086f00000, 0x0000000087000000|  0%| F|  |TAMS 0x0000000086f00000, 0x0000000086f00000| Untracked 
|  92|0x0000000087000000, 0x0000000087000000, 0x0000000087100000|  0%| F|  |TAMS 0x0000000087000000, 0x0000000087000000| Untracked 
|  93|0x0000000087100000, 0x0000000087100000, 0x0000000087200000|  0%| F|  |TAMS 0x0000000087100000, 0x0000000087100000| Untracked 
|  94|0x0000000087200000, 0x0000000087200000, 0x0000000087300000|  0%| F|  |TAMS 0x0000000087200000, 0x0000000087200000| Untracked 
|  95|0x0000000087300000, 0x0000000087300000, 0x0000000087400000|  0%| F|  |TAMS 0x0000000087300000, 0x0000000087300000| Untracked 
|  96|0x0000000087400000, 0x0000000087400000, 0x0000000087500000|  0%| F|  |TAMS 0x0000000087400000, 0x0000000087400000| Untracked 
|  97|0x0000000087500000, 0x0000000087500000, 0x0000000087600000|  0%| F|  |TAMS 0x0000000087500000, 0x0000000087500000| Untracked 
|  98|0x0000000087600000, 0x0000000087600000, 0x0000000087700000|  0%| F|  |TAMS 0x0000000087600000, 0x0000000087600000| Untracked 
|  99|0x0000000087700000, 0x0000000087700000, 0x0000000087800000|  0%| F|  |TAMS 0x0000000087700000, 0x0000000087700000| Untracked 
| 100|0x0000000087800000, 0x0000000087800000, 0x0000000087900000|  0%| F|  |TAMS 0x0000000087800000, 0x0000000087800000| Untracked 
| 101|0x0000000087900000, 0x0000000087900000, 0x0000000087a00000|  0%| F|  |TAMS 0x0000000087900000, 0x0000000087900000| Untracked 
| 102|0x0000000087a00000, 0x0000000087a00000, 0x0000000087b00000|  0%| F|  |TAMS 0x0000000087a00000, 0x0000000087a00000| Untracked 
| 103|0x0000000087b00000, 0x0000000087b00000, 0x0000000087c00000|  0%| F|  |TAMS 0x0000000087b00000, 0x0000000087b00000| Untracked 
| 104|0x0000000087c00000, 0x0000000087c00000, 0x0000000087d00000|  0%| F|  |TAMS 0x0000000087c00000, 0x0000000087c00000| Untracked 
| 105|0x0000000087d00000, 0x0000000087d00000, 0x0000000087e00000|  0%| F|  |TAMS 0x0000000087d00000, 0x0000000087d00000| Untracked 
| 106|0x0000000087e00000, 0x0000000087e00000, 0x0000000087f00000|  0%| F|  |TAMS 0x0000000087e00000, 0x0000000087e00000| Untracked 
| 107|0x0000000087f00000, 0x0000000087f00000, 0x0000000088000000|  0%| F|  |TAMS 0x0000000087f00000, 0x0000000087f00000| Untracked 
| 108|0x0000000088000000, 0x0000000088000000, 0x0000000088100000|  0%| F|  |TAMS 0x0000000088000000, 0x0000000088000000| Untracked 
| 109|0x0000000088100000, 0x0000000088100000, 0x0000000088200000|  0%| F|  |TAMS 0x0000000088100000, 0x0000000088100000| Untracked 
| 110|0x0000000088200000, 0x0000000088200000, 0x0000000088300000|  0%| F|  |TAMS 0x0000000088200000, 0x0000000088200000| Untracked 
| 111|0x0000000088300000, 0x0000000088300000, 0x0000000088400000|  0%| F|  |TAMS 0x0000000088300000, 0x0000000088300000| Untracked 
| 112|0x0000000088400000, 0x0000000088400000, 0x0000000088500000|  0%| F|  |TAMS 0x0000000088400000, 0x0000000088400000| Untracked 
| 113|0x0000000088500000, 0x0000000088500000, 0x0000000088600000|  0%| F|  |TAMS 0x0000000088500000, 0x0000000088500000| Untracked 
| 114|0x0000000088600000, 0x0000000088600000, 0x0000000088700000|  0%| F|  |TAMS 0x0000000088600000, 0x0000000088600000| Untracked 
| 115|0x0000000088700000, 0x0000000088700000, 0x0000000088800000|  0%| F|  |TAMS 0x0000000088700000, 0x0000000088700000| Untracked 
| 116|0x0000000088800000, 0x0000000088800000, 0x0000000088900000|  0%| F|  |TAMS 0x0000000088800000, 0x0000000088800000| Untracked 
| 117|0x0000000088900000, 0x0000000088900000, 0x0000000088a00000|  0%| F|  |TAMS 0x0000000088900000, 0x0000000088900000| Untracked 
| 118|0x0000000088a00000, 0x0000000088a13920, 0x0000000088b00000|  7%| S|CS|TAMS 0x0000000088a00000, 0x0000000088a00000| Complete 
| 119|0x0000000088b00000, 0x0000000088c00000, 0x0000000088c00000|100%| S|CS|TAMS 0x0000000088b00000, 0x0000000088b00000| Complete 
| 120|0x0000000088c00000, 0x0000000088c16b18, 0x0000000088d00000|  8%| E|  |TAMS 0x0000000088c00000, 0x0000000088c00000| Complete 
| 121|0x0000000088d00000, 0x0000000088e00000, 0x0000000088e00000|100%| E|CS|TAMS 0x0000000088d00000, 0x0000000088d00000| Complete 
| 122|0x0000000088e00000, 0x0000000088f00000, 0x0000000088f00000|100%| E|CS|TAMS 0x0000000088e00000, 0x0000000088e00000| Complete 
| 123|0x0000000088f00000, 0x0000000089000000, 0x0000000089000000|100%| E|CS|TAMS 0x0000000088f00000, 0x0000000088f00000| Complete 
| 124|0x0000000089000000, 0x0000000089100000, 0x0000000089100000|100%| E|CS|TAMS 0x0000000089000000, 0x0000000089000000| Complete 
| 125|0x0000000089100000, 0x0000000089200000, 0x0000000089200000|100%| E|CS|TAMS 0x0000000089100000, 0x0000000089100000| Complete 
| 126|0x0000000089200000, 0x0000000089300000, 0x0000000089300000|100%| E|CS|TAMS 0x0000000089200000, 0x0000000089200000| Complete 
| 127|0x0000000089300000, 0x0000000089400000, 0x0000000089400000|100%| E|CS|TAMS 0x0000000089300000, 0x0000000089300000| Complete 

Card table byte_map: [0x000001f6ac630000,0x000001f6aca30000] _byte_map_base: 0x000001f6ac226000

Marking Bits (Prev, Next): (CMBitMap*) 0x000001f692d7c158, (CMBitMap*) 0x000001f692d7c190
 Prev Bits: [0x000001f6ace30000, 0x000001f6aede0000)
 Next Bits: [0x000001f6aede0000, 0x000001f6b0d90000)

Polling page: 0x000001f692e20000

Metaspace:

Usage:
  Non-class:     15.50 MB capacity,    15.17 MB ( 98%) used,   274.37 KB (  2%) free+waste,    57.00 KB ( <1%) overhead. 
      Class:      1.90 MB capacity,     1.70 MB ( 90%) used,   175.78 KB (  9%) free+waste,    27.13 KB (  1%) overhead. 
       Both:     17.40 MB capacity,    16.87 MB ( 97%) used,   450.15 KB (  3%) free+waste,    84.13 KB ( <1%) overhead. 

Virtual space:
  Non-class space:       16.00 MB reserved,      15.50 MB ( 97%) committed 
      Class space:        1.00 GB reserved,       2.00 MB ( <1%) committed 
             Both:        1.02 GB reserved,      17.50 MB (  2%) committed 

Chunk freelists:
   Non-Class:  2.00 KB
       Class:  9.00 KB
        Both:  11.00 KB

MaxMetaspaceSize: 17179869184.00 GB
CompressedClassSpaceSize: 1.00 GB

CodeHeap 'non-profiled nmethods': size=120064Kb used=964Kb max_used=964Kb free=119100Kb
 bounds [0x000001f6a46d0000, 0x000001f6a4940000, 0x000001f6abc10000]
CodeHeap 'profiled nmethods': size=120000Kb used=3317Kb max_used=3317Kb free=116682Kb
 bounds [0x000001f69d1a0000, 0x000001f69d4e0000, 0x000001f6a46d0000]
CodeHeap 'non-nmethods': size=5696Kb used=1292Kb max_used=1347Kb free=4404Kb
 bounds [0x000001f69cc10000, 0x000001f69ce80000, 0x000001f69d1a0000]
 total_blobs=2342 nmethods=1760 adapters=502
 compilation: enabled
              stopped_count=0, restarted_count=0
 full_count=0

Compilation events (20 events):
Event: 32.469 Thread 0x000001f6b33f7000 1751       4       java.awt.Rectangle::getY (6 bytes)
Event: 32.470 Thread 0x000001f6b33f7000 nmethod 1751 0x000001f6a47bf190 code [0x000001f6a47bf320, 0x000001f6a47bf398]
Event: 32.533 Thread 0x000001f6b33f7000 1752       4       org.jbox2d.dynamics.Island::init (325 bytes)
Event: 32.555 Thread 0x000001f6b33f7000 nmethod 1752 0x000001f6a47bf410 code [0x000001f6a47bf5c0, 0x000001f6a47bf938]
Event: 32.564 Thread 0x000001f6b33f7000 1753       4       java.util.concurrent.ThreadPoolExecutor::beforeExecute (1 bytes)
Event: 32.565 Thread 0x000001f6b33f7000 nmethod 1753 0x000001f6a47bfb10 code [0x000001f6a47bfca0, 0x000001f6a47bfcf8]
Event: 32.565 Thread 0x000001f6b33f7000 1754       4       java.util.concurrent.ThreadPoolExecutor::afterExecute (1 bytes)
Event: 32.566 Thread 0x000001f6b33f7000 nmethod 1754 0x000001f6a47bfd90 code [0x000001f6a47bff20, 0x000001f6a47bff78]
Event: 32.580 Thread 0x000001f6b33f7000 1756       4       java.awt.geom.Ellipse2D$Float::getY (6 bytes)
Event: 32.581 Thread 0x000001f6b33f7000 nmethod 1756 0x000001f6a47c0010 code [0x000001f6a47c01a0, 0x000001f6a47c0218]
Event: 32.582 Thread 0x000001f6b33f7000 1760       4       sun.java2d.marlin.MarlinTileGenerator::getBbox (41 bytes)
Event: 32.583 Thread 0x000001f6bc3cd000 1757       4       java.awt.geom.Ellipse2D$Float::getWidth (6 bytes)
Event: 32.584 Thread 0x000001f6bc3cd000 nmethod 1757 0x000001f6a47c0290 code [0x000001f6a47c0420, 0x000001f6a47c0498]
Event: 32.584 Thread 0x000001f6bc3cd000 1758       4       java.awt.geom.Ellipse2D$Float::getHeight (6 bytes)
Event: 32.586 Thread 0x000001f6bc3cd000 nmethod 1758 0x000001f6a47c0510 code [0x000001f6a47c06a0, 0x000001f6a47c0718]
Event: 32.586 Thread 0x000001f6bc3cd000 1759       4       sun.java2d.marlin.DMarlinRenderingEngine$NormMode$3::getNormalizingPathIterator (2 bytes)
Event: 32.587 Thread 0x000001f6bc3cd000 nmethod 1759 0x000001f6a47c0790 code [0x000001f6a47c0920, 0x000001f6a47c0978]
Event: 32.587 Thread 0x000001f6bc3cd000 1755       4       java.awt.geom.Ellipse2D$Float::getX (6 bytes)
Event: 32.589 Thread 0x000001f6bc3cd000 nmethod 1755 0x000001f6a47c0a10 code [0x000001f6a47c0ba0, 0x000001f6a47c0c18]
Event: 32.590 Thread 0x000001f6b33f7000 nmethod 1760 0x000001f6a47c0c90 code [0x000001f6a47c0e20, 0x000001f6a47c0f38]

GC Heap History (4 events):
Event: 7.204 GC heap before
{Heap before GC invocations=0 (full 0):
 garbage-first heap   total 131072K, used 13312K [0x0000000081400000, 0x0000000100000000)
  region size 1024K, 14 young (14336K), 0 survivors (0K)
 Metaspace       used 12290K, capacity 12649K, committed 12928K, reserved 1060864K
  class space    used 1231K, capacity 1369K, committed 1408K, reserved 1048576K
}
Event: 7.210 GC heap after
{Heap after GC invocations=1 (full 0):
 garbage-first heap   total 131072K, used 4120K [0x0000000081400000, 0x0000000100000000)
  region size 1024K, 2 young (2048K), 2 survivors (2048K)
 Metaspace       used 12290K, capacity 12649K, committed 12928K, reserved 1060864K
  class space    used 1231K, capacity 1369K, committed 1408K, reserved 1048576K
}
Event: 7.844 GC heap before
{Heap before GC invocations=1 (full 0):
 garbage-first heap   total 131072K, used 12312K [0x0000000081400000, 0x0000000100000000)
  region size 1024K, 10 young (10240K), 2 survivors (2048K)
 Metaspace       used 15871K, capacity 16468K, committed 16768K, reserved 1064960K
  class space    used 1634K, capacity 1839K, committed 1920K, reserved 1048576K
}
Event: 7.848 GC heap after
{Heap after GC invocations=2 (full 0):
 garbage-first heap   total 131072K, used 5241K [0x0000000081400000, 0x0000000100000000)
  region size 1024K, 2 young (2048K), 2 survivors (2048K)
 Metaspace       used 15871K, capacity 16468K, committed 16768K, reserved 1064960K
  class space    used 1634K, capacity 1839K, committed 1920K, reserved 1048576K
}

Deoptimization events (20 events):
Event: 8.068 Thread 0x000001f6ba4e1000 DEOPT PACKING pc=0x000001f69d39659b sp=0x00000061316fea90
Event: 8.068 Thread 0x000001f6ba4e1000 DEOPT UNPACKING pc=0x000001f69cc4c1ce sp=0x00000061316fde90 mode 0
Event: 8.068 Thread 0x000001f6ba4e1000 DEOPT PACKING pc=0x000001f69d399ee2 sp=0x00000061316fe9e0
Event: 8.069 Thread 0x000001f6ba4e1000 DEOPT UNPACKING pc=0x000001f69cc4c1ce sp=0x00000061316fde90 mode 0
Event: 8.278 Thread 0x000001f6ba4e1000 DEOPT PACKING pc=0x000001f69d3ddc94 sp=0x00000061316feb00
Event: 8.278 Thread 0x000001f6ba4e1000 DEOPT UNPACKING pc=0x000001f69cc4c1ce sp=0x00000061316fdf20 mode 0
Event: 8.310 Thread 0x000001f6ba4e1000 DEOPT PACKING pc=0x000001f69d3c10df sp=0x00000061316feac0
Event: 8.310 Thread 0x000001f6ba4e1000 DEOPT UNPACKING pc=0x000001f69cc4c1ce sp=0x00000061316fdf50 mode 0
Event: 8.325 Thread 0x000001f6ba4e1000 DEOPT PACKING pc=0x000001f69d3c549f sp=0x00000061316fe920
Event: 8.325 Thread 0x000001f6ba4e1000 DEOPT UNPACKING pc=0x000001f69cc4c1ce sp=0x00000061316fdda0 mode 0
Event: 8.387 Thread 0x000001f6ba4e1000 DEOPT PACKING pc=0x000001f69d3c549f sp=0x00000061316fe920
Event: 8.387 Thread 0x000001f6ba4e1000 DEOPT UNPACKING pc=0x000001f69cc4c1ce sp=0x00000061316fdda0 mode 0
Event: 8.417 Thread 0x000001f6ba4e1000 DEOPT PACKING pc=0x000001f69d3c549f sp=0x00000061316fe920
Event: 8.417 Thread 0x000001f6ba4e1000 DEOPT UNPACKING pc=0x000001f69cc4c1ce sp=0x00000061316fdda0 mode 0
Event: 10.509 Thread 0x000001f6ba4cf000 DEOPT PACKING pc=0x000001f69d3f49e4 sp=0x00000061325fed20
Event: 10.509 Thread 0x000001f6ba4cf000 DEOPT UNPACKING pc=0x000001f69cc4c1ce sp=0x00000061325fe2f8 mode 0
Event: 17.573 Thread 0x000001f6b4204000 DEOPT PACKING pc=0x000001f69d2c090c sp=0x00000061318ff070
Event: 17.573 Thread 0x000001f6b4204000 DEOPT UNPACKING pc=0x000001f69cc4c1ce sp=0x00000061318fe520 mode 1
Event: 20.565 Thread 0x000001f6ba4e1000 DEOPT PACKING pc=0x000001f69d415ee8 sp=0x00000061316feb40
Event: 20.565 Thread 0x000001f6ba4e1000 DEOPT UNPACKING pc=0x000001f69cc4c1ce sp=0x00000061316fe020 mode 0

Classes redefined (0 events):
No events

Internal exceptions (20 events):
Event: 6.907 Thread 0x000001f6b445d800 Exception <a 'java/lang/NoSuchMethodError'{0x000000008885f618}: 'void java.lang.invoke.DirectMethodHandle$Holder.invokeSpecial(java.lang.Object, java.lang.Object, float)'> (0x000000008885f618) thrown at [./src/hotspot/share/interpreter/linkResolver.cpp, line 773]
Event: 7.120 Thread 0x000001f6b4082800 Exception <a 'java/lang/NoSuchMethodError'{0x0000000088797250}: 'void java.lang.invoke.DirectMethodHandle$Holder.invokeStaticInit(java.lang.Object)'> (0x0000000088797250) thrown at [./src/hotspot/share/interpreter/linkResolver.cpp, line 773]
Event: 7.220 Thread 0x000001f6b4082800 Exception <a 'java/lang/NoSuchMethodError'{0x0000000089333730}: 'java.lang.Object java.lang.invoke.DirectMethodHandle$Holder.invokeStatic(java.lang.Object, java.lang.Object, java.lang.Object, java.lang.Object, java.lang.Object, java.lang.Object, java.lang.Object, java.lang.Object, java.lang.Object, java.lang.Object, java.lang.Object, int)'> (0x0000000089333730) thrown at [./src/hotspot/share/interpreter/linkResolver.cpp, line 773]
Event: 7.222 Thread 0x000001f6b4082800 Exception <a 'java/lang/NoSuchMethodError'{0x0000000089351938}: 'java.lang.Object java.lang.invoke.DirectMethodHandle$Holder.invokeStatic(java.lang.Object, java.lang.Object, java.lang.Object, java.lang.Object, java.lang.Object, java.lang.Object, java.lang.Object, java.lang.Object, java.lang.Object, java.lang.Object, java.lang.Object, int, int)'> (0x0000000089351938) thrown at [./src/hotspot/share/interpreter/linkResolver.cpp, line 773]
Event: 7.225 Thread 0x000001f6b4082800 Exception <a 'java/lang/NoSuchMethodError'{0x00000000893708d0}: 'java.lang.Object java.lang.invoke.DirectMethodHandle$Holder.invokeStatic(java.lang.Object, java.lang.Object, java.lang.Object, java.lang.Object, java.lang.Object, java.lang.Object, java.lang.Object, java.lang.Object, java.lang.Object, java.lang.Object, java.lang.Object, int, int, java.lang.Object)'> (0x00000000893708d0) thrown at [./src/hotspot/share/interpreter/linkResolver.cpp, line 773]
Event: 7.226 Thread 0x000001f6b4082800 Exception <a 'java/lang/NoSuchMethodError'{0x000000008937c928}: 'java.lang.Object java.lang.invoke.Invokers$Holder.linkToTargetMethod(java.lang.Object, int, java.lang.Object)'> (0x000000008937c928) thrown at [./src/hotspot/share/interpreter/linkResolver.cpp, line 773]
Event: 7.303 Thread 0x000001f6b4082800 Exception <a 'java/io/FileNotFoundException'{0x000000008921cad0}> (0x000000008921cad0) thrown at [./src/hotspot/share/prims/jni.cpp, line 615]
Event: 7.314 Thread 0x000001f6ba4cf000 Exception <a 'java/lang/NoSuchMethodError'{0x000000008901a208}: 'java.lang.Object java.lang.invoke.DirectMethodHandle$Holder.invokeInterface(java.lang.Object, java.lang.Object, java.lang.Object)'> (0x000000008901a208) thrown at [./src/hotspot/share/interpreter/linkResolver.cpp, line 773]
Event: 7.316 Thread 0x000001f6ba4cf000 Exception <a 'java/lang/NoSuchMethodError'{0x0000000089020878}: 'void java.lang.invoke.DirectMethodHandle$Holder.invokeStatic(java.lang.Object, java.lang.Object, float)'> (0x0000000089020878) thrown at [./src/hotspot/share/interpreter/linkResolver.cpp, line 773]
Event: 7.318 Thread 0x000001f6ba4cf000 Exception <a 'java/lang/NoSuchMethodError'{0x000000008902dc58}: 'java.lang.Object java.lang.invoke.DirectMethodHandle$Holder.invokeStatic(java.lang.Object, java.lang.Object, float)'> (0x000000008902dc58) thrown at [./src/hotspot/share/interpreter/linkResolver.cpp, line 773]
Event: 7.377 Thread 0x000001f6b9cf6800 Exception <a 'java/lang/NoSuchMethodError'{0x0000000088f6f398}: 'java.lang.Object java.lang.invoke.DirectMethodHandle$Holder.invokeStatic(java.lang.Object, java.lang.Object, java.lang.Object, java.lang.Object, java.lang.Object, java.lang.Object, java.lang.Object, java.lang.Object, java.lang.Object, java.lang.Object, java.lang.Object, int, int, java.lang.Object, java.lang.Object)'> (0x0000000088f6f398) thrown at [./src/hotspot/share/interpreter/linkResolver.cpp, line 773]
Event: 7.406 Thread 0x000001f6ba4cf000 Exception <a 'java/lang/NoSuchMethodError'{0x0000000088fbf588}: 'void java.lang.invoke.DirectMethodHandle$Holder.invokeInterface(java.lang.Object, java.lang.Object)'> (0x0000000088fbf588) thrown at [./src/hotspot/share/interpreter/linkResolver.cpp, line 773]
Event: 7.444 Thread 0x000001f6b9cf6800 Exception <a 'java/lang/NoSuchMethodError'{0x0000000088e2ced0}: 'java.lang.Object java.lang.invoke.DirectMethodHandle$Holder.invokeStaticInit(java.lang.Object, java.lang.Object, java.lang.Object)'> (0x0000000088e2ced0) thrown at [./src/hotspot/share/interpreter/linkResolver.cpp, line 773]
Event: 7.595 Thread 0x000001f6b9cf6800 Exception <a 'java/lang/NoSuchMethodError'{0x0000000088d14c98}: 'void java.lang.invoke.DirectMethodHandle$Holder.invokeStatic(java.lang.Object, long)'> (0x0000000088d14c98) thrown at [./src/hotspot/share/interpreter/linkResolver.cpp, line 773]
Event: 7.596 Thread 0x000001f6b9cf6800 Exception <a 'java/lang/NoSuchMethodError'{0x0000000088d19ea8}: 'java.lang.Object java.lang.invoke.DirectMethodHandle$Holder.invokeStatic(java.lang.Object, long)'> (0x0000000088d19ea8) thrown at [./src/hotspot/share/interpreter/linkResolver.cpp, line 773]
Event: 7.599 Thread 0x000001f6b9cf6800 Exception <a 'java/lang/NoSuchMethodError'{0x0000000088d27f48}: 'java.lang.Object java.lang.invoke.DirectMethodHandle$Holder.invokeStaticInit(java.lang.Object, java.lang.Object, long, java.lang.Object)'> (0x0000000088d27f48) thrown at [./src/hotspot/share/interpreter/linkResolver.cpp, line 773]
Event: 7.600 Thread 0x000001f6b9cf6800 Exception <a 'java/lang/NoSuchMethodError'{0x0000000088d2ddf8}: 'java.lang.Object java.lang.invoke.DirectMethodHandle$Holder.invokeStatic(java.lang.Object, java.lang.Object, long)'> (0x0000000088d2ddf8) thrown at [./src/hotspot/share/interpreter/linkResolver.cpp, line 773]
Event: 7.600 Thread 0x000001f6b9cf6800 Exception <a 'java/lang/NoSuchMethodError'{0x0000000088d340c8}: 'java.lang.Object java.lang.invoke.Invokers$Holder.linkToTargetMethod(java.lang.Object, long, java.lang.Object)'> (0x0000000088d340c8) thrown at [./src/hotspot/share/interpreter/linkResolver.cpp, line 773]
Event: 7.676 Thread 0x000001f6b9cf6800 Exception <a 'java/lang/NoSuchMethodError'{0x0000000088c66800}: 'java.lang.Object java.lang.invoke.DirectMethodHandle$Holder.invokeStatic(java.lang.Object, java.lang.Object, java.lang.Object, java.lang.Object, java.lang.Object, java.lang.Object, java.lang.Object, java.lang.Object, int, int, java.lang.Object)'> (0x0000000088c66800) thrown at [./src/hotspot/share/interpreter/linkResolver.cpp, line 773]
Event: 8.036 Thread 0x000001f6b9cf6800 Exception <a 'java/lang/NoSuchMethodError'{0x00000000892da0f0}: 'int java.lang.invoke.DirectMethodHandle$Holder.invokeStaticInit(java.lang.Object, java.lang.Object, java.lang.Object)'> (0x00000000892da0f0) thrown at [./src/hotspot/share/interpreter/linkResolver.cpp, line 773]

Events (20 events):
Event: 34.589 Thread 0x000001f6b3f1d000 Thread exited: 0x000001f6b3f1d000
Event: 34.589 Executing VM operation: ChangeBreakpoints
Event: 34.589 Executing VM operation: ChangeBreakpoints done
Event: 34.590 Executing VM operation: ChangeBreakpoints
Event: 34.590 Executing VM operation: ChangeBreakpoints done
Event: 34.590 Executing VM operation: ChangeBreakpoints
Event: 34.590 Executing VM operation: ChangeBreakpoints done
Event: 34.590 Executing VM operation: ChangeBreakpoints
Event: 34.590 Executing VM operation: ChangeBreakpoints done
Event: 34.590 Executing VM operation: RevokeBias
Event: 34.590 Executing VM operation: RevokeBias done
Event: 34.591 Thread 0x000001f6ba4e2800 Thread added: 0x000001f6ba4e2800
Event: 34.591 Thread 0x000001f6ba4e6800 Thread added: 0x000001f6ba4e6800
Event: 34.595 Thread 0x000001f6b3efb000 Thread exited: 0x000001f6b3efb000
Event: 34.600 Executing VM operation: RevokeBias
Event: 34.601 Executing VM operation: RevokeBias done
Event: 34.601 Thread 0x000001f6b43ad800 Thread exited: 0x000001f6b43ad800
Event: 34.601 Thread 0x000001f6ba4e6800 Thread exited: 0x000001f6ba4e6800
Event: 34.606 Thread 0x000001f6b3da2800 Thread exited: 0x000001f6b3da2800
Event: 34.606 Executing VM operation: Exit


Dynamic libraries:
0x00007ff721670000 - 0x00007ff72167d000 	C:\Program Files\BlueJ\jdk\bin\java.exe
0x00007ffbfac10000 - 0x00007ffbfae05000 	C:\Windows\SYSTEM32\ntdll.dll
0x00007ffbf8c60000 - 0x00007ffbf8d1e000 	C:\Windows\System32\KERNEL32.DLL
0x00007ffbf86e0000 - 0x00007ffbf89a8000 	C:\Windows\System32\KERNELBASE.dll
0x00007ffbf8ae0000 - 0x00007ffbf8be0000 	C:\Windows\System32\ucrtbase.dll
0x00007ffbe7d60000 - 0x00007ffbe7d75000 	C:\Program Files\BlueJ\jdk\bin\VCRUNTIME140.dll
0x00007ffbe7690000 - 0x00007ffbe76a7000 	C:\Program Files\BlueJ\jdk\bin\jli.dll
0x00007ffbf8fd0000 - 0x00007ffbf9171000 	C:\Windows\System32\USER32.dll
0x00007ffbe5e00000 - 0x00007ffbe609a000 	C:\Windows\WinSxS\amd64_microsoft.windows.common-controls_6595b64144ccf1df_6.0.19041.1110_none_60b5254171f9507e\COMCTL32.dll
0x00007ffbf85a0000 - 0x00007ffbf85c2000 	C:\Windows\System32\win32u.dll
0x00007ffbf8e00000 - 0x00007ffbf8e9e000 	C:\Windows\System32\msvcrt.dll
0x00007ffbf9a40000 - 0x00007ffbf9a6b000 	C:\Windows\System32\GDI32.dll
0x00007ffbf85d0000 - 0x00007ffbf86db000 	C:\Windows\System32\gdi32full.dll
0x00007ffbf8a40000 - 0x00007ffbf8add000 	C:\Windows\System32\msvcp_win.dll
0x00007ffbf8d20000 - 0x00007ffbf8d50000 	C:\Windows\System32\IMM32.DLL
0x00007ffbcff10000 - 0x00007ffbcffab000 	C:\Program Files\BlueJ\jdk\bin\msvcp140.dll
0x00007ffbc31e0000 - 0x00007ffbc3d23000 	C:\Program Files\BlueJ\jdk\bin\server\jvm.dll
0x00007ffbf8ea0000 - 0x00007ffbf8f4c000 	C:\Windows\System32\ADVAPI32.dll
0x00007ffbfa7a0000 - 0x00007ffbfa83b000 	C:\Windows\System32\sechost.dll
0x00007ffbf9ef0000 - 0x00007ffbfa01a000 	C:\Windows\System32\RPCRT4.dll
0x00007ffbfaa30000 - 0x00007ffbfaa38000 	C:\Windows\System32\PSAPI.DLL
0x00007ffbe7b60000 - 0x00007ffbe7b69000 	C:\Windows\SYSTEM32\WSOCK32.dll
0x00007ffbfa080000 - 0x00007ffbfa0eb000 	C:\Windows\System32\WS2_32.dll
0x00007ffbe9910000 - 0x00007ffbe9937000 	C:\Windows\SYSTEM32\WINMM.dll
0x00007ffbef570000 - 0x00007ffbef57a000 	C:\Windows\SYSTEM32\VERSION.dll
0x00007ffbf6bb0000 - 0x00007ffbf6bc2000 	C:\Windows\SYSTEM32\kernel.appcore.dll
0x00007ffbe71e0000 - 0x00007ffbe71f0000 	C:\Program Files\BlueJ\jdk\bin\verify.dll
0x00007ffbf6130000 - 0x00007ffbf6314000 	C:\Windows\SYSTEM32\DBGHELP.DLL
0x00007ffbdec70000 - 0x00007ffbdec9c000 	C:\Windows\SYSTEM32\dbgcore.DLL
0x00007ffbf89b0000 - 0x00007ffbf8a33000 	C:\Windows\System32\bcryptPrimitives.dll
0x00007ffbe69f0000 - 0x00007ffbe6a18000 	C:\Program Files\BlueJ\jdk\bin\java.dll
0x00007ffbe6f00000 - 0x00007ffbe6f0a000 	C:\Program Files\BlueJ\jdk\bin\jimage.dll
0x00007ffbcfb00000 - 0x00007ffbcfb38000 	C:\Program Files\BlueJ\jdk\bin\jdwp.dll
0x00007ffbe59f0000 - 0x00007ffbe5a07000 	C:\Program Files\BlueJ\jdk\bin\zip.dll
0x00007ffbf9250000 - 0x00007ffbf998f000 	C:\Windows\System32\SHELL32.dll
0x00007ffbf6410000 - 0x00007ffbf6ba0000 	C:\Windows\SYSTEM32\windows.storage.dll
0x00007ffbfa100000 - 0x00007ffbfa455000 	C:\Windows\System32\combase.dll
0x00007ffbf7cb0000 - 0x00007ffbf7cde000 	C:\Windows\SYSTEM32\Wldp.dll
0x00007ffbf9990000 - 0x00007ffbf9a3d000 	C:\Windows\System32\SHCORE.dll
0x00007ffbfa840000 - 0x00007ffbfa895000 	C:\Windows\System32\shlwapi.dll
0x00007ffbf8270000 - 0x00007ffbf828f000 	C:\Windows\SYSTEM32\profapi.dll
0x00007ffbe6630000 - 0x00007ffbe663b000 	C:\Program Files\BlueJ\jdk\bin\dt_shmem.dll
0x00007ffbe5500000 - 0x00007ffbe5519000 	C:\Program Files\BlueJ\jdk\bin\net.dll
0x00007ffbe66f0000 - 0x00007ffbe67fc000 	C:\Windows\SYSTEM32\WINHTTP.dll
0x00007ffbf7a10000 - 0x00007ffbf7a7a000 	C:\Windows\system32\mswsock.dll
0x00007ffbde6f0000 - 0x00007ffbde702000 	C:\Program Files\BlueJ\jdk\bin\nio.dll
0x00007ffbc65a0000 - 0x00007ffbc6739000 	C:\Program Files\BlueJ\jdk\bin\awt.dll
0x00007ffbf9180000 - 0x00007ffbf924d000 	C:\Windows\System32\OLEAUT32.dll
0x00007ffbf57d0000 - 0x00007ffbf5860000 	C:\Windows\SYSTEM32\apphelp.dll
0x00007ffbf59b0000 - 0x00007ffbf5a4e000 	C:\Windows\system32\uxtheme.dll
0x00007ffbfaab0000 - 0x00007ffbfabc5000 	C:\Windows\System32\MSCTF.dll
0x00007ffbfa670000 - 0x00007ffbfa79a000 	C:\Windows\System32\ole32.dll
0x00007ffbe7b70000 - 0x00007ffbe7c95000 	C:\Windows\system32\opengl32.dll
0x00007ffbf0290000 - 0x00007ffbf02bc000 	C:\Windows\SYSTEM32\GLU32.dll
0x00007ffbf5ba0000 - 0x00007ffbf5bcf000 	C:\Windows\system32\DWMAPI.DLL
0x00007ffbf8d50000 - 0x00007ffbf8df9000 	C:\Windows\System32\clbcatq.dll
0x00007ffbee9a0000 - 0x00007ffbeea99000 	C:\Windows\System32\AppXDeploymentClient.dll
0x00007ffba1390000 - 0x00007ffba2355000 	C:\Windows\System32\DriverStore\FileRepository\iigd_dch.inf_amd64_a086f01cc7be643a\ig9icd64.dll
0x00007ffbf6c20000 - 0x00007ffbf6d14000 	C:\Windows\system32\dxgi.dll
0x00007ffbece80000 - 0x00007ffbed0bf000 	C:\Windows\System32\DriverStore\FileRepository\iigd_dch.inf_amd64_a086f01cc7be643a\igdgmm64.dll
0x00007ffbea210000 - 0x00007ffbece72000 	C:\Windows\System32\DriverStore\FileRepository\iigd_dch.inf_amd64_a086f01cc7be643a\igc64.dll
0x00007ffbf81a0000 - 0x00007ffbf81eb000 	C:\Windows\SYSTEM32\powrprof.dll
0x00007ffbf8180000 - 0x00007ffbf8192000 	C:\Windows\SYSTEM32\UMPDC.dll
0x00007ffbab470000 - 0x00007ffbab885000 	C:\Windows\System32\DriverStore\FileRepository\iigd_dch.inf_amd64_a086f01cc7be643a\igdml64.dll
0x00007ffbcb9e0000 - 0x00007ffbcba65000 	C:\Program Files\BlueJ\jdk\bin\freetype.dll
0x00007ffbd56a0000 - 0x00007ffbd56b2000 	C:\Program Files\BlueJ\jdk\bin\fontmanager.dll
0x00007ffbc8040000 - 0x00007ffbc80fc000 	C:\Program Files\BlueJ\jdk\bin\harfbuzz.dll
0x00007ffbe7db0000 - 0x00007ffbe7ea9000 	C:\Windows\SYSTEM32\textinputframework.dll
0x00007ffbf5590000 - 0x00007ffbf5682000 	C:\Windows\System32\CoreMessaging.dll
0x00007ffbf4eb0000 - 0x00007ffbf520e000 	C:\Windows\System32\CoreUIComponents.dll
0x00007ffbf7020000 - 0x00007ffbf7053000 	C:\Windows\SYSTEM32\ntmarta.dll
0x00007ffbf3ed0000 - 0x00007ffbf4024000 	C:\Windows\SYSTEM32\wintypes.dll
0x00007ffbe5d60000 - 0x00007ffbe5d69000 	C:\Program Files\BlueJ\jdk\bin\management.dll
0x00007ffbe5cf0000 - 0x00007ffbe5cfb000 	C:\Program Files\BlueJ\jdk\bin\management_ext.dll
0x00007ffbb4a40000 - 0x00007ffbb4a57000 	C:\Windows\system32\napinsp.dll
0x00007ffbb4a20000 - 0x00007ffbb4a3b000 	C:\Windows\system32\pnrpnsp.dll
0x00007ffbf2a70000 - 0x00007ffbf2a85000 	C:\Windows\system32\wshbth.dll
0x00007ffbf34b0000 - 0x00007ffbf34cd000 	C:\Windows\system32\NLAapi.dll
0x00007ffbf7700000 - 0x00007ffbf773b000 	C:\Windows\SYSTEM32\IPHLPAPI.DLL
0x00007ffbf7740000 - 0x00007ffbf780b000 	C:\Windows\SYSTEM32\DNSAPI.dll
0x00007ffbfaaa0000 - 0x00007ffbfaaa8000 	C:\Windows\System32\NSI.dll
0x00007ffbe50d0000 - 0x00007ffbe50e2000 	C:\Windows\System32\winrnr.dll
0x00007ffbe9890000 - 0x00007ffbe989a000 	C:\Windows\System32\rasadhlp.dll
0x00007ffbe64b0000 - 0x00007ffbe652f000 	C:\Windows\System32\fwpuclnt.dll
0x00007ffbf8be0000 - 0x00007ffbf8c07000 	C:\Windows\System32\bcrypt.dll
0x000001f6bb8d0000 - 0x000001f6bb8d3000 	C:\Program Files\BlueJ\lib\javafx\bin\api-ms-win-core-console-l1-1-0.dll
0x000001f6bb8e0000 - 0x000001f6bb8e3000 	C:\Program Files\BlueJ\lib\javafx\bin\api-ms-win-core-datetime-l1-1-0.dll
0x000001f6bb8f0000 - 0x000001f6bb8f3000 	C:\Program Files\BlueJ\lib\javafx\bin\api-ms-win-core-debug-l1-1-0.dll
0x000001f6bb900000 - 0x000001f6bb903000 	C:\Program Files\BlueJ\lib\javafx\bin\api-ms-win-core-errorhandling-l1-1-0.dll
0x000001f6bb910000 - 0x000001f6bb914000 	C:\Program Files\BlueJ\lib\javafx\bin\api-ms-win-core-file-l1-1-0.dll
0x000001f6bb920000 - 0x000001f6bb923000 	C:\Program Files\BlueJ\lib\javafx\bin\api-ms-win-core-file-l1-2-0.dll
0x000001f6bb930000 - 0x000001f6bb933000 	C:\Program Files\BlueJ\lib\javafx\bin\api-ms-win-core-file-l2-1-0.dll
0x000001f6bb940000 - 0x000001f6bb943000 	C:\Program Files\BlueJ\lib\javafx\bin\api-ms-win-core-handle-l1-1-0.dll
0x000001f6bb950000 - 0x000001f6bb953000 	C:\Program Files\BlueJ\lib\javafx\bin\api-ms-win-core-heap-l1-1-0.dll
0x000001f6bb960000 - 0x000001f6bb963000 	C:\Program Files\BlueJ\lib\javafx\bin\api-ms-win-core-interlocked-l1-1-0.dll
0x000001f6bb970000 - 0x000001f6bb973000 	C:\Program Files\BlueJ\lib\javafx\bin\api-ms-win-core-libraryloader-l1-1-0.dll
0x000001f6bb980000 - 0x000001f6bb983000 	C:\Program Files\BlueJ\lib\javafx\bin\api-ms-win-core-localization-l1-2-0.dll
0x000001f6bd680000 - 0x000001f6bd683000 	C:\Program Files\BlueJ\lib\javafx\bin\api-ms-win-core-memory-l1-1-0.dll
0x000001f6bd690000 - 0x000001f6bd693000 	C:\Program Files\BlueJ\lib\javafx\bin\api-ms-win-core-namedpipe-l1-1-0.dll
0x000001f6bd6a0000 - 0x000001f6bd6a3000 	C:\Program Files\BlueJ\lib\javafx\bin\api-ms-win-core-processenvironment-l1-1-0.dll
0x000001f6bd6b0000 - 0x000001f6bd6b3000 	C:\Program Files\BlueJ\lib\javafx\bin\api-ms-win-core-processthreads-l1-1-0.dll
0x000001f6bd6c0000 - 0x000001f6bd6c3000 	C:\Program Files\BlueJ\lib\javafx\bin\api-ms-win-core-processthreads-l1-1-1.dll
0x000001f6bd6d0000 - 0x000001f6bd6d3000 	C:\Program Files\BlueJ\lib\javafx\bin\api-ms-win-core-profile-l1-1-0.dll
0x000001f6bd6e0000 - 0x000001f6bd6e3000 	C:\Program Files\BlueJ\lib\javafx\bin\api-ms-win-core-rtlsupport-l1-1-0.dll
0x000001f6bd6f0000 - 0x000001f6bd6f3000 	C:\Program Files\BlueJ\lib\javafx\bin\api-ms-win-core-string-l1-1-0.dll
0x000001f6bd700000 - 0x000001f6bd703000 	C:\Program Files\BlueJ\lib\javafx\bin\api-ms-win-core-synch-l1-1-0.dll
0x000001f6bd710000 - 0x000001f6bd713000 	C:\Program Files\BlueJ\lib\javafx\bin\api-ms-win-core-synch-l1-2-0.dll
0x000001f6bd940000 - 0x000001f6bd943000 	C:\Program Files\BlueJ\lib\javafx\bin\api-ms-win-core-sysinfo-l1-1-0.dll
0x000001f6bd950000 - 0x000001f6bd953000 	C:\Program Files\BlueJ\lib\javafx\bin\api-ms-win-core-timezone-l1-1-0.dll
0x000001f6bd960000 - 0x000001f6bd963000 	C:\Program Files\BlueJ\lib\javafx\bin\api-ms-win-core-util-l1-1-0.dll
0x000001f6bd720000 - 0x000001f6bd723000 	C:\Program Files\BlueJ\lib\javafx\bin\api-ms-win-crt-conio-l1-1-0.dll
0x000001f6bd730000 - 0x000001f6bd734000 	C:\Program Files\BlueJ\lib\javafx\bin\api-ms-win-crt-convert-l1-1-0.dll
0x000001f6bd740000 - 0x000001f6bd743000 	C:\Program Files\BlueJ\lib\javafx\bin\api-ms-win-crt-environment-l1-1-0.dll
0x000001f6bd750000 - 0x000001f6bd753000 	C:\Program Files\BlueJ\lib\javafx\bin\api-ms-win-crt-filesystem-l1-1-0.dll
0x000001f6bd760000 - 0x000001f6bd763000 	C:\Program Files\BlueJ\lib\javafx\bin\api-ms-win-crt-heap-l1-1-0.dll
0x000001f6bd770000 - 0x000001f6bd773000 	C:\Program Files\BlueJ\lib\javafx\bin\api-ms-win-crt-locale-l1-1-0.dll
0x000001f6bd780000 - 0x000001f6bd785000 	C:\Program Files\BlueJ\lib\javafx\bin\api-ms-win-crt-math-l1-1-0.dll
0x000001f6bd790000 - 0x000001f6bd795000 	C:\Program Files\BlueJ\lib\javafx\bin\api-ms-win-crt-multibyte-l1-1-0.dll
0x000001f6bd7a0000 - 0x000001f6bd7b0000 	C:\Program Files\BlueJ\lib\javafx\bin\api-ms-win-crt-private-l1-1-0.dll
0x000001f6bd7b0000 - 0x000001f6bd7b3000 	C:\Program Files\BlueJ\lib\javafx\bin\api-ms-win-crt-process-l1-1-0.dll
0x000001f6bd7c0000 - 0x000001f6bd7c4000 	C:\Program Files\BlueJ\lib\javafx\bin\api-ms-win-crt-runtime-l1-1-0.dll
0x000001f6bd7d0000 - 0x000001f6bd7d4000 	C:\Program Files\BlueJ\lib\javafx\bin\api-ms-win-crt-stdio-l1-1-0.dll
0x000001f6bd7e0000 - 0x000001f6bd7e4000 	C:\Program Files\BlueJ\lib\javafx\bin\api-ms-win-crt-string-l1-1-0.dll
0x000001f6bd7f0000 - 0x000001f6bd7f3000 	C:\Program Files\BlueJ\lib\javafx\bin\api-ms-win-crt-time-l1-1-0.dll
0x000001f6bd800000 - 0x000001f6bd803000 	C:\Program Files\BlueJ\lib\javafx\bin\api-ms-win-crt-utility-l1-1-0.dll
0x00007ffbcdd10000 - 0x00007ffbcde0a000 	C:\Program Files\BlueJ\lib\javafx\bin\ucrtbase.dll
0x00007ffbdd890000 - 0x00007ffbdd8a6000 	C:\Program Files\BlueJ\lib\javafx\bin\vcruntime140.dll
0x00007ffbcf9d0000 - 0x00007ffbcfa76000 	C:\Program Files\BlueJ\lib\javafx\bin\msvcp140.dll

dbghelp: loaded successfully - version: 4.0.5 - missing functions: none
symbol engine: initialized successfully - sym options: 0x614 - pdb path: .;C:\Program Files\BlueJ\jdk\bin;C:\Windows\SYSTEM32;C:\Windows\WinSxS\amd64_microsoft.windows.common-controls_6595b64144ccf1df_6.0.19041.1110_none_60b5254171f9507e;C:\Program Files\BlueJ\jdk\bin\server;C:\Windows\System32\DriverStore\FileRepository\iigd_dch.inf_amd64_a086f01cc7be643a;C:\Program Files\BlueJ\lib\javafx\bin

VM Arguments:
jvm_args: -ea -agentlib:jdwp=transport=dt_shmem,address=javadebug -Dfile.encoding=UTF-8 
java_command: bluej.runtime.ExecServer UTF-8
java_class_path (initial): C:\Program Files\BlueJ\lib\bluejcore.jar;C:\Program Files\BlueJ\lib\junit-4.12.jar;C:\Program Files\BlueJ\lib\junit-jupiter-5.5.2.jar;C:\Program Files\BlueJ\lib\junit-jupiter-api-5.5.2.jar;C:\Program Files\BlueJ\lib\junit-jupiter-engine-5.5.2.jar;C:\Program Files\BlueJ\lib\junit-jupiter-migrationsupport-5.5.2.jar;C:\Program Files\BlueJ\lib\junit-jupiter-params-5.5.2.jar;C:\Program Files\BlueJ\lib\junit-platform-commons-1.5.2.jar;C:\Program Files\BlueJ\lib\junit-platform-console-1.5.2.jar;C:\Program Files\BlueJ\lib\junit-platform-console-standalone-1.5.2.jar;C:\Program Files\BlueJ\lib\junit-platform-engine-1.5.2.jar;C:\Program Files\BlueJ\lib\junit-platform-launcher-1.5.2.jar;C:\Program Files\BlueJ\lib\junit-platform-reporting-1.5.2.jar;C:\Program Files\BlueJ\lib\junit-platform-runner-1.5.2.jar;C:\Program Files\BlueJ\lib\junit-platform-suite-api-1.5.2.jar;C:\Program Files\BlueJ\lib\junit-platform-testkit-1.5.2.jar;C:\Program Files\BlueJ\lib\junit-quickcheck-core-0.9.jar;C:\Program Files\BlueJ\lib\junit-vintage-engine-5.5.2.jar;C:\Program Files\BlueJ\lib\hamcrest-core-1.3.jar;C:\Program Files\BlueJ\lib\hamcrest-library-1.3.jar;C:\Program Files\BlueJ\lib\lang-stride.jar;C:\Program Files\BlueJ\lib\javafx\lib\javafx.base.jar;C:\Program Files\BlueJ\lib\javafx\lib\javafx.controls.jar;C:\Program Files\BlueJ\lib\javafx\lib\javafx.fxml.jar;C:\Program Files\BlueJ\lib\javafx\lib\javafx.graphics.jar;C:\Program Files\BlueJ\lib\javafx\lib\javafx.media.jar;C:\Program Files\BlueJ\lib\javafx\lib\javafx.properties.jar;C:\Program Files\BlueJ\lib\javafx\lib\javafx.swing.jar;C:\Program Files\BlueJ\lib\javafx\lib\javafx.web.jar;C:\Program Files\BlueJ\lib\javafx\lib\javafx.base.jar;C:\Program Files\BlueJ\lib\javafx\lib\javafx.controls.jar;C:\Program Files\BlueJ\lib\javafx\lib\javafx.fxml.jar;C:\Program Files\BlueJ\lib\javafx\lib\javafx.graphics.jar;C:\Program Files\BlueJ\lib\javafx\lib\javafx.media.jar;C:\Program Files\BlueJ\lib\javafx\lib\javafx.properties.jar
Launcher Type: SUN_STANDARD

[Global flags]
     intx CICompilerCount                          = 3                                         {product} {ergonomic}
     uint ConcGCThreads                            = 1                                         {product} {ergonomic}
     uint G1ConcRefinementThreads                  = 4                                         {product} {ergonomic}
   size_t G1HeapRegionSize                         = 1048576                                   {product} {ergonomic}
    uintx GCDrainStackTargetSize                   = 64                                        {product} {ergonomic}
   size_t InitialHeapSize                          = 134217728                                 {product} {ergonomic}
   size_t MarkStackSize                            = 4194304                                   {product} {ergonomic}
   size_t MaxHeapSize                              = 2126512128                                {product} {ergonomic}
   size_t MaxNewSize                               = 1275068416                                {product} {ergonomic}
   size_t MinHeapDeltaBytes                        = 1048576                                   {product} {ergonomic}
    uintx NonNMethodCodeHeapSize                   = 5830732                                {pd product} {ergonomic}
    uintx NonProfiledCodeHeapSize                  = 122913754                              {pd product} {ergonomic}
    uintx ProfiledCodeHeapSize                     = 122913754                              {pd product} {ergonomic}
    uintx ReservedCodeCacheSize                    = 251658240                              {pd product} {ergonomic}
     bool SegmentedCodeCache                       = true                                      {product} {ergonomic}
     bool UseCompressedClassPointers               = true                                 {lp64_product} {ergonomic}
     bool UseCompressedOops                        = true                                 {lp64_product} {ergonomic}
     bool UseG1GC                                  = true                                      {product} {ergonomic}
     bool UseLargePagesIndividualAllocation        = false                                  {pd product} {ergonomic}

Logging:
Log output configuration:
 #0: stdout all=warning uptime,level,tags
 #1: stderr all=off uptime,level,tags

Environment Variables:
PATH=C:\Program Files (x86)\AdoptOpenJDK\jdk-11.0.10.9-hotspot\bin;C:\Windows\system32;C:\Windows;C:\Windows\System32\Wbem;C:\Windows\System32\WindowsPowerShell\v1.0\;C:\Windows\System32\OpenSSH\;C:\Program Files (x86)\Brackets\command;C:\Program Files\Git\cmd;C:\Users\Mike\AppData\Local\Microsoft\WindowsApps;;C:\Users\Mike\AppData\Local\Programs\Microsoft VS Code\bin
USERNAME=Mike
OS=Windows_NT
PROCESSOR_IDENTIFIER=Intel64 Family 6 Model 142 Stepping 9, GenuineIntel



---------------  S Y S T E M  ---------------

OS: Windows 10 , 64 bit Build 19041 (10.0.19041.1348)
OS uptime: 1 days 7:51 hours

CPU:total 4 (initial active 4) (2 cores per cpu, 2 threads per core) family 6 model 142 stepping 9 microcode 0xb4, cmov, cx8, fxsr, mmx, sse, sse2, sse3, ssse3, sse4.1, sse4.2, popcnt, avx, avx2, aes, clmul, erms, 3dnowpref, lzcnt, ht, tsc, tscinvbit, bmi1, bmi2, adx, fma

Memory: 4k page, system-wide physical 8108M (4055M free)
TotalPageFile size 9388M (AvailPageFile size 4504M)
current process WorkingSet (physical memory assigned to process): 140M, peak: 173M
current process commit charge ("private bytes"): 252M, peak: 275M

vm_info: OpenJDK 64-Bit Server VM (11.0.10+9) for windows-amd64 JRE (11.0.10+9), built on Jan 20 2021 06:07:07 by "" with MS VC++ 15.9 (VS2017)

END.
